build/app/intermediates/manifest_merge_blame_file/release/manifest-merger-blame-release-report.txt
1<?xml version="1.0" encoding="utf-8"?>
2<manifest xmlns:android="http://schemas.android.com/apk/res/android"
3    package="com.g1c.vendor"
4    android:versionCode="1"
5    android:versionName="1.0.0" >
6
7    <uses-sdk
8        android:minSdkVersion="21"
9        android:targetSdkVersion="34" />
10
11    <uses-permission android:name="android.permission.INTERNET" />
11-->src\main\AndroidManifest.xml:3:5-67
11-->src\main\AndroidManifest.xml:3:22-64
12    <uses-permission
12-->src\main\AndroidManifest.xml:4:5-80
13        android:name="android.permission.READ_EXTERNAL_STORAGE"
13-->src\main\AndroidManifest.xml:4:22-77
14        android:maxSdkVersion="32" />
14-->[:file_picker] AndroidManifest.xml:9:9-35
15    <uses-permission android:name="android.permission.WRITE_EXTERNAL_STORAGE" />
15-->src\main\AndroidManifest.xml:5:5-81
15-->src\main\AndroidManifest.xml:5:22-78
16    <uses-permission android:name="android.permission.CAMERA" />
16-->src\main\AndroidManifest.xml:6:5-65
16-->src\main\AndroidManifest.xml:6:22-62
17    <uses-permission android:name="android.permission.ACCESS_FINE_LOCATION" />
17-->src\main\AndroidManifest.xml:7:5-78
17-->src\main\AndroidManifest.xml:7:22-76
18    <!--
19         Required to query activities that can process text, see:
20         https://developer.android.com/training/package-visibility and
21         https://developer.android.com/reference/android/content/Intent#ACTION_PROCESS_TEXT.
22
23         In particular, this is used by the Flutter engine in io.flutter.plugin.text.ProcessTextPlugin.
24    -->
25    <queries>
25-->src\main\AndroidManifest.xml:58:5-63:15
26        <intent>
26-->src\main\AndroidManifest.xml:59:9-62:18
27            <action android:name="android.intent.action.PROCESS_TEXT" />
27-->src\main\AndroidManifest.xml:60:13-72
27-->src\main\AndroidManifest.xml:60:21-70
28
29            <data android:mimeType="text/plain" />
29-->src\main\AndroidManifest.xml:61:13-50
29-->src\main\AndroidManifest.xml:61:19-48
30        </intent>
31        <intent>
31-->[:file_picker] AndroidManifest.xml:12:9-16:18
32            <action android:name="android.intent.action.GET_CONTENT" />
32-->[:file_picker] AndroidManifest.xml:13:13-72
32-->[:file_picker] AndroidManifest.xml:13:21-69
33
34            <data android:mimeType="*/*" />
34-->src\main\AndroidManifest.xml:61:13-50
34-->src\main\AndroidManifest.xml:61:19-48
35        </intent>
36        <intent>
36-->[androidx.media2:media2-session:1.2.1] AndroidManifest.xml:25:9-27:18
37            <action android:name="android.media.browse.MediaBrowserService" />
37-->[androidx.media2:media2-session:1.2.1] AndroidManifest.xml:26:13-79
37-->[androidx.media2:media2-session:1.2.1] AndroidManifest.xml:26:21-76
38        </intent>
39        <intent>
39-->[androidx.media2:media2-session:1.2.1] AndroidManifest.xml:28:9-30:18
40            <action android:name="androidx.media2.session.MediaSessionService" />
40-->[androidx.media2:media2-session:1.2.1] AndroidManifest.xml:29:13-82
40-->[androidx.media2:media2-session:1.2.1] AndroidManifest.xml:29:21-79
41        </intent>
42        <intent>
42-->[androidx.media2:media2-session:1.2.1] AndroidManifest.xml:31:9-33:18
43            <action android:name="androidx.media2.session.MediaLibraryService" />
43-->[androidx.media2:media2-session:1.2.1] AndroidManifest.xml:32:13-82
43-->[androidx.media2:media2-session:1.2.1] AndroidManifest.xml:32:21-79
44        </intent>
45    </queries>
46
47    <uses-permission android:name="android.permission.ACCESS_NETWORK_STATE" />
47-->[:connectivity_plus] AndroidManifest.xml:7:5-79
47-->[:connectivity_plus] AndroidManifest.xml:7:22-76
48    <uses-permission android:name="android.permission.READ_MEDIA_IMAGES" />
48-->[:open_filex] AndroidManifest.xml:11:5-76
48-->[:open_filex] AndroidManifest.xml:11:22-73
49    <uses-permission android:name="android.permission.READ_MEDIA_VIDEO" />
49-->[:open_filex] AndroidManifest.xml:12:5-75
49-->[:open_filex] AndroidManifest.xml:12:22-72
50    <uses-permission android:name="android.permission.READ_MEDIA_AUDIO" />
50-->[:open_filex] AndroidManifest.xml:13:5-75
50-->[:open_filex] AndroidManifest.xml:13:22-72
51
52    <permission
52-->[androidx.core:core:1.13.1] AndroidManifest.xml:22:5-24:47
53        android:name="com.g1c.vendor.DYNAMIC_RECEIVER_NOT_EXPORTED_PERMISSION"
53-->[androidx.core:core:1.13.1] AndroidManifest.xml:23:9-81
54        android:protectionLevel="signature" />
54-->[androidx.core:core:1.13.1] AndroidManifest.xml:24:9-44
55
56    <uses-permission android:name="com.g1c.vendor.DYNAMIC_RECEIVER_NOT_EXPORTED_PERMISSION" />
56-->[androidx.core:core:1.13.1] AndroidManifest.xml:26:5-97
56-->[androidx.core:core:1.13.1] AndroidManifest.xml:26:22-94
57
58    <application
59        android:name="android.app.Application"
59-->src\main\AndroidManifest.xml:12:9-42
60        android:appComponentFactory="androidx.core.app.CoreComponentFactory"
60-->[androidx.core:core:1.13.1] AndroidManifest.xml:28:18-86
61        android:extractNativeLibs="true"
62        android:icon="@mipmap/launcher_icon"
62-->src\main\AndroidManifest.xml:13:9-45
63        android:label="G1C_Vendor" >
63-->src\main\AndroidManifest.xml:11:9-35
64        <activity
64-->src\main\AndroidManifest.xml:14:9-35:20
65            android:name="com.g1c.vendor.MainActivity"
65-->src\main\AndroidManifest.xml:15:13-41
66            android:configChanges="orientation|keyboardHidden|keyboard|screenSize|smallestScreenSize|locale|layoutDirection|fontScale|screenLayout|density|uiMode"
66-->src\main\AndroidManifest.xml:20:13-163
67            android:exported="true"
67-->src\main\AndroidManifest.xml:16:13-36
68            android:hardwareAccelerated="true"
68-->src\main\AndroidManifest.xml:21:13-47
69            android:launchMode="singleTop"
69-->src\main\AndroidManifest.xml:17:13-43
70            android:taskAffinity=""
70-->src\main\AndroidManifest.xml:18:13-36
71            android:theme="@style/LaunchTheme"
71-->src\main\AndroidManifest.xml:19:13-47
72            android:windowSoftInputMode="adjustResize" >
72-->src\main\AndroidManifest.xml:22:13-55
73
74            <!--
75                 Specifies an Android theme to apply to this Activity as soon as
76                 the Android process has started. This theme is visible to the user
77                 while the Flutter UI initializes. After that, this theme continues
78                 to determine the Window background behind the Flutter UI.
79            -->
80            <meta-data
80-->src\main\AndroidManifest.xml:27:13-30:17
81                android:name="io.flutter.embedding.android.NormalTheme"
81-->src\main\AndroidManifest.xml:28:15-70
82                android:resource="@style/NormalTheme" />
82-->src\main\AndroidManifest.xml:29:15-52
83
84            <intent-filter>
84-->src\main\AndroidManifest.xml:31:13-34:29
85                <action android:name="android.intent.action.MAIN" />
85-->src\main\AndroidManifest.xml:32:17-68
85-->src\main\AndroidManifest.xml:32:25-66
86
87                <category android:name="android.intent.category.LAUNCHER" />
87-->src\main\AndroidManifest.xml:33:17-76
87-->src\main\AndroidManifest.xml:33:27-74
88            </intent-filter>
89        </activity>
90        <!--
91             Don't delete the meta-data below.
92             This is used by the Flutter tool to generate GeneratedPluginRegistrant.java
93        -->
94        <meta-data
94-->src\main\AndroidManifest.xml:38:9-40:33
95            android:name="flutterEmbedding"
95-->src\main\AndroidManifest.xml:39:13-44
96            android:value="2" />
96-->src\main\AndroidManifest.xml:40:13-30
97
98        <provider
99            android:name="androidx.core.content.FileProvider"
99-->src\main\AndroidManifest.xml:43:13-62
100            android:authorities="com.g1c.vendor.fileprovider"
100-->src\main\AndroidManifest.xml:44:13-64
101            android:exported="false"
101-->src\main\AndroidManifest.xml:45:13-37
102            android:grantUriPermissions="true" >
102-->src\main\AndroidManifest.xml:46:13-47
103            <meta-data
103-->src\main\AndroidManifest.xml:47:13-49:54
104                android:name="android.support.FILE_PROVIDER_PATHS"
104-->src\main\AndroidManifest.xml:48:17-67
105                android:resource="@xml/file_paths" />
105-->src\main\AndroidManifest.xml:49:17-51
106        </provider>
107        <provider
107-->[:image_picker_android] AndroidManifest.xml:9:9-17:20
108            android:name="io.flutter.plugins.imagepicker.ImagePickerFileProvider"
108-->[:image_picker_android] AndroidManifest.xml:10:13-82
109            android:authorities="com.g1c.vendor.flutter.image_provider"
109-->[:image_picker_android] AndroidManifest.xml:11:13-74
110            android:exported="false"
110-->[:image_picker_android] AndroidManifest.xml:12:13-37
111            android:grantUriPermissions="true" >
111-->[:image_picker_android] AndroidManifest.xml:13:13-47
112            <meta-data
112-->src\main\AndroidManifest.xml:47:13-49:54
113                android:name="android.support.FILE_PROVIDER_PATHS"
113-->src\main\AndroidManifest.xml:48:17-67
114                android:resource="@xml/flutter_image_picker_file_paths" />
114-->src\main\AndroidManifest.xml:49:17-51
115        </provider> <!-- Trigger Google Play services to install the backported photo picker module. -->
116        <service
116-->[:image_picker_android] AndroidManifest.xml:19:9-31:19
117            android:name="com.google.android.gms.metadata.ModuleDependencies"
117-->[:image_picker_android] AndroidManifest.xml:20:13-78
118            android:enabled="false"
118-->[:image_picker_android] AndroidManifest.xml:21:13-36
119            android:exported="false" >
119-->[:image_picker_android] AndroidManifest.xml:22:13-37
120            <intent-filter>
120-->[:image_picker_android] AndroidManifest.xml:24:13-26:29
121                <action android:name="com.google.android.gms.metadata.MODULE_DEPENDENCIES" />
121-->[:image_picker_android] AndroidManifest.xml:25:17-94
121-->[:image_picker_android] AndroidManifest.xml:25:25-91
122            </intent-filter>
123
124            <meta-data
124-->[:image_picker_android] AndroidManifest.xml:28:13-30:36
125                android:name="photopicker_activity:0:required"
125-->[:image_picker_android] AndroidManifest.xml:29:17-63
126                android:value="" />
126-->[:image_picker_android] AndroidManifest.xml:30:17-33
127        </service>
128        <service
128-->[:geolocator_android] AndroidManifest.xml:8:9-12:56
129            android:name="com.baseflow.geolocator.GeolocatorLocationService"
129-->[:geolocator_android] AndroidManifest.xml:9:13-77
130            android:enabled="true"
130-->[:geolocator_android] AndroidManifest.xml:10:13-35
131            android:exported="false"
131-->[:geolocator_android] AndroidManifest.xml:11:13-37
132            android:foregroundServiceType="location" />
132-->[:geolocator_android] AndroidManifest.xml:12:13-53
133
134        <provider
134-->[:open_filex] AndroidManifest.xml:16:9-25:20
135            android:name="com.crazecoder.openfile.FileProvider"
135-->[:open_filex] AndroidManifest.xml:17:13-64
136            android:authorities="com.g1c.vendor.fileProvider.com.crazecoder.openfile"
136-->[:open_filex] AndroidManifest.xml:18:13-88
137            android:exported="false"
137-->[:open_filex] AndroidManifest.xml:19:13-37
138            android:grantUriPermissions="true" >
138-->[:open_filex] AndroidManifest.xml:20:13-47
139            <meta-data
139-->src\main\AndroidManifest.xml:47:13-49:54
140                android:name="android.support.FILE_PROVIDER_PATHS"
140-->src\main\AndroidManifest.xml:48:17-67
141                android:resource="@xml/filepaths" />
141-->src\main\AndroidManifest.xml:49:17-51
142        </provider>
143
144        <activity
144-->[:url_launcher_android] AndroidManifest.xml:8:9-11:74
145            android:name="io.flutter.plugins.urllauncher.WebViewActivity"
145-->[:url_launcher_android] AndroidManifest.xml:9:13-74
146            android:exported="false"
146-->[:url_launcher_android] AndroidManifest.xml:10:13-37
147            android:theme="@android:style/Theme.NoTitleBar.Fullscreen" />
147-->[:url_launcher_android] AndroidManifest.xml:11:13-71
148        <activity
148-->[com.google.android.gms:play-services-base:18.3.0] AndroidManifest.xml:20:9-22:45
149            android:name="com.google.android.gms.common.api.GoogleApiActivity"
149-->[com.google.android.gms:play-services-base:18.3.0] AndroidManifest.xml:20:19-85
150            android:exported="false"
150-->[com.google.android.gms:play-services-base:18.3.0] AndroidManifest.xml:22:19-43
151            android:theme="@android:style/Theme.Translucent.NoTitleBar" />
151-->[com.google.android.gms:play-services-base:18.3.0] AndroidManifest.xml:21:19-78
152
153        <meta-data
153-->[com.google.android.gms:play-services-basement:18.3.0] AndroidManifest.xml:21:9-23:69
154            android:name="com.google.android.gms.version"
154-->[com.google.android.gms:play-services-basement:18.3.0] AndroidManifest.xml:22:13-58
155            android:value="@integer/google_play_services_version" />
155-->[com.google.android.gms:play-services-basement:18.3.0] AndroidManifest.xml:23:13-66
156
157        <uses-library
157-->[androidx.window:window:1.2.0] AndroidManifest.xml:23:9-25:40
158            android:name="androidx.window.extensions"
158-->[androidx.window:window:1.2.0] AndroidManifest.xml:24:13-54
159            android:required="false" />
159-->[androidx.window:window:1.2.0] AndroidManifest.xml:25:13-37
160        <uses-library
160-->[androidx.window:window:1.2.0] AndroidManifest.xml:26:9-28:40
161            android:name="androidx.window.sidecar"
161-->[androidx.window:window:1.2.0] AndroidManifest.xml:27:13-51
162            android:required="false" />
162-->[androidx.window:window:1.2.0] AndroidManifest.xml:28:13-37
163
164        <provider
164-->[androidx.emoji2:emoji2:1.2.0] AndroidManifest.xml:24:9-32:20
165            android:name="androidx.startup.InitializationProvider"
165-->[androidx.emoji2:emoji2:1.2.0] AndroidManifest.xml:25:13-67
166            android:authorities="com.g1c.vendor.androidx-startup"
166-->[androidx.emoji2:emoji2:1.2.0] AndroidManifest.xml:26:13-68
167            android:exported="false" >
167-->[androidx.emoji2:emoji2:1.2.0] AndroidManifest.xml:27:13-37
168            <meta-data
168-->[androidx.emoji2:emoji2:1.2.0] AndroidManifest.xml:29:13-31:52
169                android:name="androidx.emoji2.text.EmojiCompatInitializer"
169-->[androidx.emoji2:emoji2:1.2.0] AndroidManifest.xml:30:17-75
170                android:value="androidx.startup" />
170-->[androidx.emoji2:emoji2:1.2.0] AndroidManifest.xml:31:17-49
171            <meta-data
171-->[androidx.lifecycle:lifecycle-process:2.7.0] AndroidManifest.xml:29:13-31:52
172                android:name="androidx.lifecycle.ProcessLifecycleInitializer"
172-->[androidx.lifecycle:lifecycle-process:2.7.0] AndroidManifest.xml:30:17-78
173                android:value="androidx.startup" />
173-->[androidx.lifecycle:lifecycle-process:2.7.0] AndroidManifest.xml:31:17-49
174            <meta-data
174-->[androidx.profileinstaller:profileinstaller:1.3.1] AndroidManifest.xml:29:13-31:52
175                android:name="androidx.profileinstaller.ProfileInstallerInitializer"
175-->[androidx.profileinstaller:profileinstaller:1.3.1] AndroidManifest.xml:30:17-85
176                android:value="androidx.startup" />
176-->[androidx.profileinstaller:profileinstaller:1.3.1] AndroidManifest.xml:31:17-49
177        </provider>
178
179        <receiver
179-->[androidx.profileinstaller:profileinstaller:1.3.1] AndroidManifest.xml:34:9-52:20
180            android:name="androidx.profileinstaller.ProfileInstallReceiver"
180-->[androidx.profileinstaller:profileinstaller:1.3.1] AndroidManifest.xml:35:13-76
181            android:directBootAware="false"
181-->[androidx.profileinstaller:profileinstaller:1.3.1] AndroidManifest.xml:36:13-44
182            android:enabled="true"
182-->[androidx.profileinstaller:profileinstaller:1.3.1] AndroidManifest.xml:37:13-35
183            android:exported="true"
183-->[androidx.profileinstaller:profileinstaller:1.3.1] AndroidManifest.xml:38:13-36
184            android:permission="android.permission.DUMP" >
184-->[androidx.profileinstaller:profileinstaller:1.3.1] AndroidManifest.xml:39:13-57
185            <intent-filter>
185-->[androidx.profileinstaller:profileinstaller:1.3.1] AndroidManifest.xml:40:13-42:29
186                <action android:name="androidx.profileinstaller.action.INSTALL_PROFILE" />
186-->[androidx.profileinstaller:profileinstaller:1.3.1] AndroidManifest.xml:41:17-91
186-->[androidx.profileinstaller:profileinstaller:1.3.1] AndroidManifest.xml:41:25-88
187            </intent-filter>
188            <intent-filter>
188-->[androidx.profileinstaller:profileinstaller:1.3.1] AndroidManifest.xml:43:13-45:29
189                <action android:name="androidx.profileinstaller.action.SKIP_FILE" />
189-->[androidx.profileinstaller:profileinstaller:1.3.1] AndroidManifest.xml:44:17-85
189-->[androidx.profileinstaller:profileinstaller:1.3.1] AndroidManifest.xml:44:25-82
190            </intent-filter>
191            <intent-filter>
191-->[androidx.profileinstaller:profileinstaller:1.3.1] AndroidManifest.xml:46:13-48:29
192                <action android:name="androidx.profileinstaller.action.SAVE_PROFILE" />
192-->[androidx.profileinstaller:profileinstaller:1.3.1] AndroidManifest.xml:47:17-88
192-->[androidx.profileinstaller:profileinstaller:1.3.1] AndroidManifest.xml:47:25-85
193            </intent-filter>
194            <intent-filter>
194-->[androidx.profileinstaller:profileinstaller:1.3.1] AndroidManifest.xml:49:13-51:29
195                <action android:name="androidx.profileinstaller.action.BENCHMARK_OPERATION" />
195-->[androidx.profileinstaller:profileinstaller:1.3.1] AndroidManifest.xml:50:17-95
195-->[androidx.profileinstaller:profileinstaller:1.3.1] AndroidManifest.xml:50:25-92
196            </intent-filter>
197        </receiver>
198    </application>
199
200</manifest>